<?xml version="1.0" encoding="UTF-8"?>
<!-- Generated by org.testng.reporters.JUnitReportReporter -->
<testsuite hostname="Kulshrees-MacBook-Pro-2.local" failures="0" tests="1" name="tests.testScenarios" time="263.021" errors="0" timestamp="2024-07-31T14:54:36 BST" skipped="0">
  <testcase classname="tests.testScenarios" name="testUserLogin" time="263.021"/>
</testsuite> <!-- tests.testScenarios -->
